<?xml version="1.0" encoding="UTF-8" ?>
<testsuite tests="4" failures="0" name="com.mangione.mediacenter.model.AspectRatioBoxTest" time="0.005" errors="0" skipped="0">
  <properties>
[...]
</properties>
  <testcase classname="com.mangione.mediacenter.model.AspectRatioBoxTest" name="nonPositiveWidth" time="0.005"/>
  <testcase classname="com.mangione.mediacenter.model.AspectRatioBoxTest" name="fitHeightThenWidthPreservedDimension" time="0"/>
  <testcase classname="com.mangione.mediacenter.model.AspectRatioBoxTest" name="fitHeightThenWidthPreservesAspect" time="0"/>
  <testcase classname="com.mangione.mediacenter.model.AspectRatioBoxTest" name="nonPositiveHeight" time="0"/>
</testsuite>